[next-auth][warn][NEXTAUTH_URL] 
https://next-auth.js.org/warnings#nextauth_url
[browser] Image with src "/mini1.png" has either width or height modified, but not the other. If you use CSS to change the size of your image, also include the styles 'width: "auto"' or 'height: "auto"' to maintain the aspect ratio.
[browser] Image with src "/hero.png" has either width or height modified, but not the other. If you use CSS to change the size of your image, also include the styles 'width: "auto"' or 'height: "auto"' to maintain the aspect ratio.
[browser] Image with src "/hero-arrow.png" has either width or height modified, but not the other. If you use CSS to change the size of your image, also include the styles 'width: "auto"' or 'height: "auto"' to maintain the aspect ratio.
[browser] Image with src "/start.png" has either width or height modified, but not the other. If you use CSS to change the size of your image, also include the styles 'width: "auto"' or 'height: "auto"' to maintain the aspect ratio.
[browser] Image with src "/hero.png" was detected as the Largest Contentful Paint (LCP). Please add the `loading="eager"` property if this image is above the fold.
Read more: https://nextjs.org/docs/app/api-reference/components/image#loading
[browser] Image with src "/wave.png" has either width or height modified, but not the other. If you use CSS to change the size of your image, also include the styles 'width: "auto"' or 'height: "auto"' to maintain the aspect ratio.
⨯ The requested resource isn't a valid image for /team1.jpg received null
⨯ The requested resource isn't a valid image for /team2.jpg received null
⨯ The requested resource isn't a valid image for /team3.jpg received null
[next-auth][warn][NEXTAUTH_URL] 
https://next-auth.js.org/warnings#nextauth_url
[browser] Uncaught Error: Element type is invalid: expected a string (for built-in components) or a class/function (for composite components) but got: object. You likely forgot to export your component from the file it's defined in, or you might have mixed up default and named imports.

Check the render method of `CartPage`.
    at CartPage (src\app\cart\page.tsx:14:10)
  12 |   }
  13 |
> 14 |   return <CartPageClient />;
     |          ^
  15 | }
[next-auth][warn][NEXTAUTH_URL] 
https://next-auth.js.org/warnings#nextauth_url
[next-auth][warn][NEXTAUTH_URL] 
https://next-auth.js.org/warnings#nextauth_url
[next-auth][warn][NEXTAUTH_URL] 
https://next-auth.js.org/warnings#nextauth_url
⨯ The requested resource isn't a valid image for /product1.png received null
⨯ The requested resource isn't a valid image for /product1.png received null
⨯ The requested resource isn't a valid image for /product1.png received null
[next-auth][warn][NEXTAUTH_URL] 
https://next-auth.js.org/warnings#nextauth_url
